This file contains any messages produced by compilers while
running configure, to aid debugging if configure makes a mistake.

It was created by configure, which was
generated by GNU Autoconf 2.63.  Invocation command line was

  $ ./configure 

## --------- ##
## Platform. ##
## --------- ##

hostname = vlsi.localdomain
uname -m = x86_64
uname -r = 2.6.32-642.13.1.el6.centos.plus.x86_64
uname -s = Linux
uname -v = #1 SMP Thu Jan 12 11:45:05 UTC 2017

/usr/bin/uname -p = unknown
/bin/uname -X     = unknown

/bin/arch              = x86_64
/usr/bin/arch -k       = unknown
/usr/convex/getsysinfo = unknown
/usr/bin/hostinfo      = unknown
/bin/machine           = unknown
/usr/bin/oslevel       = unknown
/bin/universe          = unknown

PATH: /usr/lib64/qt-3.3/bin
PATH: /usr/local/bin
PATH: /usr/bin
PATH: /bin
PATH: /usr/local/sbin
PATH: /usr/sbin
PATH: /sbin
PATH: /usr/local/Synopsys/HSpice/hspice/bin
PATH: /usr/local/Synopsys/CosmosScope/ai_bin
PATH: /usr/local/Synopsys/CustomDesigner/bin
PATH: /usr/local/Synopsys/CustomExplorer/bin
PATH: /usr/local/Synopsys/Milkyway/bin/SUSE.64
PATH: /usr/local/Synopsys/ICC/bin
PATH: /usr/local/Synopsys/VCS/bin
PATH: /usr/local/Synopsys/CustomView/bin
PATH: /usr/local/Synopsys/CustomSim/bin
PATH: /usr/local/Synopsys/CustomSimXA/bin
PATH: /usr/local/Synopsys/CustomSimHSIM/hsimplus/bin
PATH: /usr/local/Synopsys/SiliconSmart/bin
PATH: /usr/local/Synopsys/Syn/bin
PATH: /usr/local/Synopsys/PrimeTime/bin
PATH: /usr/local/Synopsys/Medici/bin
PATH: /usr/local/Synopsys/Sentaurus/bin
PATH: /usr/local/Synopsys/TSupreme4/bin
PATH: /usr/local/Synopsys/HSIMplus/hsimplus/bin
PATH: /usr/local/Cadence/IC/tools/dfII/bin/
PATH: /usr/local/Cadence/IC/tools/bin
PATH: /usr/local/Cadence/ASSURA/tools/bin
PATH: /usr/local/Cadence/MMSIM/tools/bin
PATH: /usr/local/Cadence/INCISIV/tools/bin
PATH: /usr/local/Cadence/RC/tools/bin
PATH: /usr/local/Cadence/EDI/tools/bin
PATH: /usr/local/Cadence/ETS/tools/bin
PATH: /usr/local/Cadence/JASPER/bin
PATH: /usr/local/Cadence/OA/bin
PATH: /usr/local/Cadence/LIBERATE/bin
PATH: /usr/local/Cadence/INNOVUS/bin
PATH: /usr/local/Cadence/GENUS/bin
PATH: /usr/local/Cadence/EXT/bin
PATH: /usr/local/Mentor/Calibre/aoi_cal_2015.2_27.20/bin/
PATH: /usr/local/Modelsim/modelsim_ase/bin/
PATH: /usr/local/Deskits/STM65//DK_cmos065lpgp_RF_7m4x0y2z_2V51V8/5.3.7/bin
PATH: /home/frank/bin
PATH: /usr/local/Synopsys/HSpice/hspice/bin
PATH: /usr/local/Synopsys/CosmosScope/ai_bin
PATH: /usr/local/Synopsys/CustomDesigner/bin
PATH: /usr/local/Synopsys/CustomExplorer/bin
PATH: /usr/local/Synopsys/Milkyway/bin/SUSE.64
PATH: /usr/local/Synopsys/ICC/bin
PATH: /usr/local/Synopsys/VCS/bin
PATH: /usr/local/Synopsys/CustomView/bin
PATH: /usr/local/Synopsys/CustomSim/bin
PATH: /usr/local/Synopsys/CustomSimXA/bin
PATH: /usr/local/Synopsys/CustomSimHSIM/hsimplus/bin
PATH: /usr/local/Synopsys/SiliconSmart/bin
PATH: /usr/local/Synopsys/Syn/bin
PATH: /usr/local/Synopsys/PrimeTime/bin
PATH: /usr/local/Synopsys/Medici/bin
PATH: /usr/local/Synopsys/Sentaurus/bin
PATH: /usr/local/Synopsys/TSupreme4/bin
PATH: /usr/local/Synopsys/HSIMplus/hsimplus/bin
PATH: /usr/local/Cadence/IC/tools/dfII/bin/
PATH: /usr/local/Cadence/IC/tools/bin
PATH: /usr/local/Cadence/ASSURA/tools/bin
PATH: /usr/local/Cadence/MMSIM/tools/bin
PATH: /usr/local/Cadence/INCISIV/tools/bin
PATH: /usr/local/Cadence/RC/tools/bin
PATH: /usr/local/Cadence/EDI/tools/bin
PATH: /usr/local/Cadence/ETS/tools/bin
PATH: /usr/local/Cadence/JASPER/bin
PATH: /usr/local/Cadence/OA/bin
PATH: /usr/local/Cadence/LIBERATE/bin
PATH: /usr/local/Cadence/INNOVUS/bin
PATH: /usr/local/Cadence/GENUS/bin
PATH: /usr/local/Cadence/EXT/bin
PATH: /usr/local/Mentor/Calibre/aoi_cal_2015.2_27.20/bin/
PATH: /usr/local/Modelsim/modelsim_ase/bin/
PATH: /usr/local/Deskits/STM65//DK_cmos065lpgp_RF_7m4x0y2z_2V51V8/5.3.7/bin


## ----------- ##
## Core tests. ##
## ----------- ##

configure:1932: checking for a BSD-compatible install
configure:2000: result: /usr/bin/install -c
configure:2011: checking whether build environment is sane
configure:2071: result: yes
configure:2212: checking for a thread-safe mkdir -p
configure:2251: result: /bin/mkdir -p
configure:2264: checking for gawk
configure:2280: found /usr/bin/gawk
configure:2291: result: gawk
configure:2302: checking whether make sets $(MAKE)
configure:2324: result: yes
configure:2407: checking whether to enable maintainer-specific portions of Makefiles
configure:2416: result: no
configure:2442: checking for style of include used by make
configure:2470: result: GNU
configure:2540: checking for gcc
configure:2556: found /usr/bin/gcc
configure:2567: result: gcc
configure:2799: checking for C compiler version
configure:2807: gcc --version >&5
gcc (GCC) 4.4.7 20120313 (Red Hat 4.4.7-17)
Copyright (C) 2010 Free Software Foundation, Inc.
This is free software; see the source for copying conditions.  There is NO
warranty; not even for MERCHANTABILITY or FITNESS FOR A PARTICULAR PURPOSE.

configure:2811: $? = 0
configure:2818: gcc -v >&5
Using built-in specs.
Target: x86_64-redhat-linux
Configured with: ../configure --prefix=/usr --mandir=/usr/share/man --infodir=/usr/share/info --with-bugurl=http://bugzilla.redhat.com/bugzilla --enable-bootstrap --enable-shared --enable-threads=posix --enable-checking=release --with-system-zlib --enable-__cxa_atexit --disable-libunwind-exceptions --enable-gnu-unique-object --enable-languages=c,c++,objc,obj-c++,java,fortran,ada --enable-java-awt=gtk --disable-dssi --with-java-home=/usr/lib/jvm/java-1.5.0-gcj-1.5.0.0/jre --enable-libgcj-multifile --enable-java-maintainer-mode --with-ecj-jar=/usr/share/java/eclipse-ecj.jar --disable-libjava-multilib --with-ppl --with-cloog --with-tune=generic --with-arch_32=i686 --build=x86_64-redhat-linux
Thread model: posix
gcc version 4.4.7 20120313 (Red Hat 4.4.7-17) (GCC) 
configure:2822: $? = 0
configure:2829: gcc -V >&5
gcc: '-V' option must have argument
configure:2833: $? = 1
configure:2856: checking for C compiler default output file name
configure:2878: gcc    conftest.c  >&5
configure:2882: $? = 0
configure:2920: result: a.out
configure:2939: checking whether the C compiler works
configure:2949: ./a.out
configure:2953: $? = 0
configure:2972: result: yes
configure:2979: checking whether we are cross compiling
configure:2981: result: no
configure:2984: checking for suffix of executables
configure:2991: gcc -o conftest    conftest.c  >&5
configure:2995: $? = 0
configure:3021: result: 
configure:3027: checking for suffix of object files
configure:3053: gcc -c   conftest.c >&5
configure:3057: $? = 0
configure:3082: result: o
configure:3086: checking whether we are using the GNU C compiler
configure:3115: gcc -c   conftest.c >&5
configure:3122: $? = 0
configure:3139: result: yes
configure:3148: checking whether gcc accepts -g
configure:3178: gcc -c -g  conftest.c >&5
configure:3185: $? = 0
configure:3286: result: yes
configure:3303: checking for gcc option to accept ISO C89
configure:3377: gcc  -c -g -O2  conftest.c >&5
configure:3384: $? = 0
configure:3407: result: none needed
configure:3427: checking dependency style of gcc
configure:3537: result: gcc3
configure:3553: checking for library containing strerror
configure:3594: gcc -o conftest -g -O2   conftest.c  >&5
configure:3601: $? = 0
configure:3632: result: none required
configure:3646: checking build system type
configure:3664: result: x86_64-unknown-linux-gnu
configure:3686: checking host system type
configure:3701: result: x86_64-unknown-linux-gnu
configure:3771: checking for gcc
configure:3798: result: gcc
configure:4030: checking for C compiler version
configure:4038: gcc --version >&5
gcc (GCC) 4.4.7 20120313 (Red Hat 4.4.7-17)
Copyright (C) 2010 Free Software Foundation, Inc.
This is free software; see the source for copying conditions.  There is NO
warranty; not even for MERCHANTABILITY or FITNESS FOR A PARTICULAR PURPOSE.

configure:4042: $? = 0
configure:4049: gcc -v >&5
Using built-in specs.
Target: x86_64-redhat-linux
Configured with: ../configure --prefix=/usr --mandir=/usr/share/man --infodir=/usr/share/info --with-bugurl=http://bugzilla.redhat.com/bugzilla --enable-bootstrap --enable-shared --enable-threads=posix --enable-checking=release --with-system-zlib --enable-__cxa_atexit --disable-libunwind-exceptions --enable-gnu-unique-object --enable-languages=c,c++,objc,obj-c++,java,fortran,ada --enable-java-awt=gtk --disable-dssi --with-java-home=/usr/lib/jvm/java-1.5.0-gcj-1.5.0.0/jre --enable-libgcj-multifile --enable-java-maintainer-mode --with-ecj-jar=/usr/share/java/eclipse-ecj.jar --disable-libjava-multilib --with-ppl --with-cloog --with-tune=generic --with-arch_32=i686 --build=x86_64-redhat-linux
Thread model: posix
gcc version 4.4.7 20120313 (Red Hat 4.4.7-17) (GCC) 
configure:4053: $? = 0
configure:4060: gcc -V >&5
gcc: '-V' option must have argument
configure:4064: $? = 1
configure:4067: checking whether we are using the GNU C compiler
configure:4120: result: yes
configure:4129: checking whether gcc accepts -g
configure:4267: result: yes
configure:4284: checking for gcc option to accept ISO C89
configure:4388: result: none needed
configure:4408: checking dependency style of gcc
configure:4518: result: gcc3
configure:4581: checking for gcc
configure:4608: result: gcc
configure:4840: checking for C compiler version
configure:4848: gcc --version >&5
gcc (GCC) 4.4.7 20120313 (Red Hat 4.4.7-17)
Copyright (C) 2010 Free Software Foundation, Inc.
This is free software; see the source for copying conditions.  There is NO
warranty; not even for MERCHANTABILITY or FITNESS FOR A PARTICULAR PURPOSE.

configure:4852: $? = 0
configure:4859: gcc -v >&5
Using built-in specs.
Target: x86_64-redhat-linux
Configured with: ../configure --prefix=/usr --mandir=/usr/share/man --infodir=/usr/share/info --with-bugurl=http://bugzilla.redhat.com/bugzilla --enable-bootstrap --enable-shared --enable-threads=posix --enable-checking=release --with-system-zlib --enable-__cxa_atexit --disable-libunwind-exceptions --enable-gnu-unique-object --enable-languages=c,c++,objc,obj-c++,java,fortran,ada --enable-java-awt=gtk --disable-dssi --with-java-home=/usr/lib/jvm/java-1.5.0-gcj-1.5.0.0/jre --enable-libgcj-multifile --enable-java-maintainer-mode --with-ecj-jar=/usr/share/java/eclipse-ecj.jar --disable-libjava-multilib --with-ppl --with-cloog --with-tune=generic --with-arch_32=i686 --build=x86_64-redhat-linux
Thread model: posix
gcc version 4.4.7 20120313 (Red Hat 4.4.7-17) (GCC) 
configure:4863: $? = 0
configure:4870: gcc -V >&5
gcc: '-V' option must have argument
configure:4874: $? = 1
configure:4877: checking whether we are using the GNU C compiler
configure:4930: result: yes
configure:4939: checking whether gcc accepts -g
configure:5077: result: yes
configure:5094: checking for gcc option to accept ISO C89
configure:5198: result: none needed
configure:5218: checking dependency style of gcc
configure:5328: result: gcc3
configure:5347: checking whether gcc and cc understand -c and -o together
configure:5382: gcc -c conftest.c -o conftest2.o >&5
configure:5386: $? = 0
configure:5392: gcc -c conftest.c -o conftest2.o >&5
configure:5396: $? = 0
configure:5407: cc -c conftest.c >&5
configure:5411: $? = 0
configure:5419: cc -c conftest.c -o conftest2.o >&5
configure:5423: $? = 0
configure:5429: cc -c conftest.c -o conftest2.o >&5
configure:5433: $? = 0
configure:5451: result: yes
configure:5483: checking how to run the C preprocessor
configure:5523: gcc -E  conftest.c
configure:5530: $? = 0
configure:5561: gcc -E  conftest.c
conftest.c:10:28: error: ac_nonexistent.h: No such file or directory
configure:5568: $? = 1
configure: failed program was:
| /* confdefs.h.  */
| #define PACKAGE_NAME ""
| #define PACKAGE_TARNAME ""
| #define PACKAGE_VERSION ""
| #define PACKAGE_STRING ""
| #define PACKAGE_BUGREPORT ""
| #define PACKAGE "QCADesigner"
| #define VERSION "2.0.3"
| /* end confdefs.h.  */
| #include <ac_nonexistent.h>
configure:5601: result: gcc -E
configure:5630: gcc -E  conftest.c
configure:5637: $? = 0
configure:5668: gcc -E  conftest.c
conftest.c:10:28: error: ac_nonexistent.h: No such file or directory
configure:5675: $? = 1
configure: failed program was:
| /* confdefs.h.  */
| #define PACKAGE_NAME ""
| #define PACKAGE_TARNAME ""
| #define PACKAGE_VERSION ""
| #define PACKAGE_STRING ""
| #define PACKAGE_BUGREPORT ""
| #define PACKAGE "QCADesigner"
| #define VERSION "2.0.3"
| /* end confdefs.h.  */
| #include <ac_nonexistent.h>
configure:5715: checking for grep that handles long lines and -e
configure:5775: result: /bin/grep
configure:5780: checking for egrep
configure:5844: result: /bin/grep -E
configure:5849: checking for ANSI C header files
configure:5879: gcc -c -g -O2  conftest.c >&5
configure:5886: $? = 0
configure:5985: gcc -o conftest -g -O2   conftest.c  >&5
configure:5989: $? = 0
configure:5995: ./conftest
configure:5999: $? = 0
configure:6017: result: yes
configure:6040: checking for pkg-config
configure:6058: found /usr/bin/pkg-config
configure:6071: result: /usr/bin/pkg-config
configure:6082: checking for librsvg
configure:6093: result: no
configure:6209: checking pkg-config is at least version 0.9.0
configure:6212: result: yes
configure:6223: checking for GTK
configure:6230: $PKG_CONFIG --exists --print-errors "$pkg_modules"
configure:6233: $? = 0
configure:6246: $PKG_CONFIG --exists --print-errors "$pkg_modules"
configure:6249: $? = 0
configure:6326: result: yes
configure:6339: checking for GTHREAD
configure:6346: $PKG_CONFIG --exists --print-errors "$pkg_modules"
configure:6349: $? = 0
configure:6362: $PKG_CONFIG --exists --print-errors "$pkg_modules"
configure:6365: $? = 0
configure:6442: result: yes
configure:6464: checking for GLIB
configure:6471: $PKG_CONFIG --exists --print-errors "$pkg_modules"
configure:6474: $? = 0
configure:6487: $PKG_CONFIG --exists --print-errors "$pkg_modules"
configure:6490: $? = 0
configure:6567: result: yes
configure:6575: checking for GOBJECT
configure:6582: $PKG_CONFIG --exists --print-errors "$pkg_modules"
configure:6585: $? = 0
configure:6598: $PKG_CONFIG --exists --print-errors "$pkg_modules"
configure:6601: $? = 0
configure:6678: result: yes
configure:6734: checking for sys/types.h
configure:6755: gcc -c -g -O2 -Wall  conftest.c >&5
configure:6762: $? = 0
configure:6779: result: yes
configure:6734: checking for sys/stat.h
configure:6755: gcc -c -g -O2 -Wall  conftest.c >&5
configure:6762: $? = 0
configure:6779: result: yes
configure:6734: checking for stdlib.h
configure:6755: gcc -c -g -O2 -Wall  conftest.c >&5
configure:6762: $? = 0
configure:6779: result: yes
configure:6734: checking for string.h
configure:6755: gcc -c -g -O2 -Wall  conftest.c >&5
configure:6762: $? = 0
configure:6779: result: yes
configure:6734: checking for memory.h
configure:6755: gcc -c -g -O2 -Wall  conftest.c >&5
configure:6762: $? = 0
configure:6779: result: yes
configure:6734: checking for strings.h
configure:6755: gcc -c -g -O2 -Wall  conftest.c >&5
configure:6762: $? = 0
configure:6779: result: yes
configure:6734: checking for inttypes.h
configure:6755: gcc -c -g -O2 -Wall  conftest.c >&5
configure:6762: $? = 0
configure:6779: result: yes
configure:6734: checking for stdint.h
configure:6755: gcc -c -g -O2 -Wall  conftest.c >&5
configure:6762: $? = 0
configure:6779: result: yes
configure:6734: checking for unistd.h
configure:6755: gcc -c -g -O2 -Wall  conftest.c >&5
configure:6762: $? = 0
configure:6779: result: yes
configure:6810: checking locale.h usability
configure:6827: gcc -c -g -O2 -Wall  conftest.c >&5
configure:6834: $? = 0
configure:6848: result: yes
configure:6852: checking locale.h presence
configure:6867: gcc -E  conftest.c
configure:6874: $? = 0
configure:6888: result: yes
configure:6916: checking for locale.h
configure:6925: result: yes
configure:6941: checking for LC_MESSAGES
configure:6967: gcc -o conftest -g -O2 -Wall   conftest.c  >&5
configure:6974: $? = 0
configure:6994: result: yes
configure:7023: checking libintl.h usability
configure:7040: gcc -c -g -O2 -Wall  conftest.c >&5
configure:7047: $? = 0
configure:7061: result: yes
configure:7065: checking libintl.h presence
configure:7080: gcc -E  conftest.c
configure:7087: $? = 0
configure:7101: result: yes
configure:7129: checking for libintl.h
configure:7136: result: yes
configure:7147: checking for ngettext in libc
configure:7175: gcc -o conftest -g -O2 -Wall   conftest.c  >&5
configure:7182: $? = 0
configure:7203: result: yes
configure:7207: checking for dgettext in libc
configure:7235: gcc -o conftest -g -O2 -Wall   conftest.c  >&5
configure:7242: $? = 0
configure:7263: result: yes
configure:7272: checking for bind_textdomain_codeset
configure:7328: gcc -o conftest -g -O2 -Wall   conftest.c  >&5
configure:7335: $? = 0
configure:7357: result: yes
configure:7873: checking for msgfmt
configure:7900: result: /usr/bin/msgfmt
configure:7913: checking for dcgettext
configure:7969: gcc -o conftest -g -O2 -Wall   conftest.c   >&5
conftest.c:49: warning: conflicting types for built-in function 'dcgettext'
configure:7976: $? = 0
configure:7998: result: yes
configure:8011: checking if msgfmt accepts -c
configure:8026: $MSGFMT -c -o /dev/null conftest.foo
configure:8029: $? = 0
configure:8031: result: yes
configure:8041: checking for gmsgfmt
configure:8072: result: /usr/bin/msgfmt
configure:8082: checking for xgettext
configure:8109: result: /usr/bin/xgettext
configure:8138: gcc -o conftest -g -O2 -Wall   conftest.c   >&5
configure:8145: $? = 0
configure:8321: checking for catalogs to be installed
configure:8346: result:  de hu ro fr
configure:8573: creating ./config.status

## ---------------------- ##
## Running config.status. ##
## ---------------------- ##

This file was extended by config.status, which was
generated by GNU Autoconf 2.63.  Invocation command line was

  CONFIG_FILES    = 
  CONFIG_HEADERS  = 
  CONFIG_LINKS    = 
  CONFIG_COMMANDS = 
  $ ./config.status 

on vlsi.localdomain

config.status:746: creating Makefile
config.status:746: creating src/Makefile
config.status:746: creating po/Makefile.in
config.status:746: creating docs/Makefile
config.status:746: creating pixmaps/Makefile
config.status:746: creating QCADesigner.desktop
config.status:746: creating graph_dialog.desktop
config.status:746: creating QCADesigner.spec
config.status:746: creating QCADesigner-win32.iss
config.status:746: creating QCADesigner-win32-gtk.iss
config.status:957: executing depfiles commands
config.status:957: executing default-1 commands

## ---------------- ##
## Cache variables. ##
## ---------------- ##

ac_cv_build=x86_64-unknown-linux-gnu
ac_cv_c_compiler_gnu=yes
ac_cv_env_CC_set=
ac_cv_env_CC_value=
ac_cv_env_CFLAGS_set=
ac_cv_env_CFLAGS_value=
ac_cv_env_CPPFLAGS_set=
ac_cv_env_CPPFLAGS_value=
ac_cv_env_CPP_set=
ac_cv_env_CPP_value=
ac_cv_env_GLIB_CFLAGS_set=
ac_cv_env_GLIB_CFLAGS_value=
ac_cv_env_GLIB_LIBS_set=
ac_cv_env_GLIB_LIBS_value=
ac_cv_env_GOBJECT_CFLAGS_set=
ac_cv_env_GOBJECT_CFLAGS_value=
ac_cv_env_GOBJECT_LIBS_set=
ac_cv_env_GOBJECT_LIBS_value=
ac_cv_env_GTHREAD_CFLAGS_set=
ac_cv_env_GTHREAD_CFLAGS_value=
ac_cv_env_GTHREAD_LIBS_set=
ac_cv_env_GTHREAD_LIBS_value=
ac_cv_env_GTK_CFLAGS_set=
ac_cv_env_GTK_CFLAGS_value=
ac_cv_env_GTK_LIBS_set=
ac_cv_env_GTK_LIBS_value=
ac_cv_env_LDFLAGS_set=
ac_cv_env_LDFLAGS_value=
ac_cv_env_LIBS_set=
ac_cv_env_LIBS_value=
ac_cv_env_PKG_CONFIG_set=
ac_cv_env_PKG_CONFIG_value=
ac_cv_env_build_alias_set=
ac_cv_env_build_alias_value=
ac_cv_env_host_alias_set=
ac_cv_env_host_alias_value=
ac_cv_env_target_alias_set=
ac_cv_env_target_alias_value=
ac_cv_func_bind_textdomain_codeset=yes
ac_cv_func_dcgettext=yes
ac_cv_header_inttypes_h=yes
ac_cv_header_libintl_h=yes
ac_cv_header_locale_h=yes
ac_cv_header_memory_h=yes
ac_cv_header_stdc=yes
ac_cv_header_stdint_h=yes
ac_cv_header_stdlib_h=yes
ac_cv_header_string_h=yes
ac_cv_header_strings_h=yes
ac_cv_header_sys_stat_h=yes
ac_cv_header_sys_types_h=yes
ac_cv_header_unistd_h=yes
ac_cv_host=x86_64-unknown-linux-gnu
ac_cv_objext=o
ac_cv_path_EGREP='/bin/grep -E'
ac_cv_path_GMSGFMT=/usr/bin/msgfmt
ac_cv_path_GREP=/bin/grep
ac_cv_path_MSGFMT=/usr/bin/msgfmt
ac_cv_path_PKG_CONFIG=/usr/bin/pkg-config
ac_cv_path_XGETTEXT=/usr/bin/xgettext
ac_cv_path_install='/usr/bin/install -c'
ac_cv_path_mkdir=/bin/mkdir
ac_cv_prog_AWK=gawk
ac_cv_prog_CPP='gcc -E'
ac_cv_prog_ac_ct_CC=gcc
ac_cv_prog_cc_c89=
ac_cv_prog_cc_g=yes
ac_cv_prog_cc_gcc_c_o=yes
ac_cv_prog_make_make_set=yes
ac_cv_search_strerror='none required'
am_cv_CC_dependencies_compiler_type=gcc3
am_cv_prog_cc_stdc=
am_cv_val_LC_MESSAGES=yes
gt_cv_func_dgettext_libc=yes
gt_cv_func_dgettext_libintl=no
gt_cv_func_ngettext_libc=yes
gt_cv_have_gettext=yes
pkg_cv_GLIB_CFLAGS='-I/usr/include/glib-2.0 -I/usr/lib64/glib-2.0/include  '
pkg_cv_GLIB_LIBS='-lglib-2.0  '
pkg_cv_GOBJECT_CFLAGS='-pthread -I/usr/include/glib-2.0 -I/usr/lib64/glib-2.0/include  '
pkg_cv_GOBJECT_LIBS='-pthread -lgobject-2.0 -lgthread-2.0 -lrt -lglib-2.0  '
pkg_cv_GTHREAD_CFLAGS='-pthread -I/usr/include/glib-2.0 -I/usr/lib64/glib-2.0/include  '
pkg_cv_GTHREAD_LIBS='-pthread -lgthread-2.0 -lrt -lglib-2.0  '
pkg_cv_GTK_CFLAGS='-pthread -I/usr/include/gtk-2.0 -I/usr/lib64/gtk-2.0/include -I/usr/include/atk-1.0 -I/usr/include/cairo -I/usr/include/gdk-pixbuf-2.0 -I/usr/include/pango-1.0 -I/usr/include/glib-2.0 -I/usr/lib64/glib-2.0/include -I/usr/include/pixman-1 -I/usr/include/freetype2 -I/usr/include/libpng12  '
pkg_cv_GTK_LIBS='-pthread -lgtk-x11-2.0 -lgdk-x11-2.0 -latk-1.0 -lgio-2.0 -lpangoft2-1.0 -lpangocairo-1.0 -lgdk_pixbuf-2.0 -lcairo -lpango-1.0 -lfreetype -lfontconfig -lgobject-2.0 -lgmodule-2.0 -lgthread-2.0 -lrt -lglib-2.0  '

## ----------------- ##
## Output variables. ##
## ----------------- ##

ACLOCAL='${SHELL} /home/frank/qcafs/QCADesigner-2.0.3-FS/missing --run aclocal-1.11'
AMDEPBACKSLASH='\'
AMDEP_FALSE='#'
AMDEP_TRUE=''
AMTAR='${SHELL} /home/frank/qcafs/QCADesigner-2.0.3-FS/missing --run tar'
AUTOCONF='${SHELL} /home/frank/qcafs/QCADesigner-2.0.3-FS/missing --run autoconf'
AUTOHEADER='${SHELL} /home/frank/qcafs/QCADesigner-2.0.3-FS/missing --run autoheader'
AUTOMAKE='${SHELL} /home/frank/qcafs/QCADesigner-2.0.3-FS/missing --run automake-1.11'
AWK='gawk'
CATALOGS=' de.gmo hu.gmo ro.gmo fr.gmo'
CATOBJEXT='.gmo'
CC='gcc'
CCDEPMODE='depmode=gcc3'
CFLAGS='-g -O2 -Wall'
CPP='gcc -E'
CPPFLAGS=''
CYGPATH_W='echo'
DATADIRNAME='share'
DEFS='-DPACKAGE_NAME=\"\" -DPACKAGE_TARNAME=\"\" -DPACKAGE_VERSION=\"\" -DPACKAGE_STRING=\"\" -DPACKAGE_BUGREPORT=\"\" -DPACKAGE=\"QCADesigner\" -DVERSION=\"2.0.3\" -DSTDC_HEADERS=1 -DGETTEXT_PACKAGE=\"QCADesigner\" -DPACKAGE_SOURCE_DIR=\"/home/frank/qcafs/QCADesigner-2.0.3-FS\" -DHAVE_SYS_TYPES_H=1 -DHAVE_SYS_STAT_H=1 -DHAVE_STDLIB_H=1 -DHAVE_STRING_H=1 -DHAVE_MEMORY_H=1 -DHAVE_STRINGS_H=1 -DHAVE_INTTYPES_H=1 -DHAVE_STDINT_H=1 -DHAVE_UNISTD_H=1 -DHAVE_LOCALE_H=1 -DHAVE_LC_MESSAGES=1 -DHAVE_BIND_TEXTDOMAIN_CODESET=1 -DHAVE_GETTEXT=1 -DHAVE_DCGETTEXT=1 -DENABLE_NLS=1'
DEPDIR='.deps'
ECHO_C=''
ECHO_N='-n'
ECHO_T=''
EGREP='/bin/grep -E'
EXEEXT=''
GETTEXT_PACKAGE='QCADesigner'
GLIB_CFLAGS='-I/usr/include/glib-2.0 -I/usr/lib64/glib-2.0/include  '
GLIB_LIBS='-lglib-2.0  '
GMOFILES=' de.gmo hu.gmo ro.gmo fr.gmo'
GMSGFMT='/usr/bin/msgfmt'
GOBJECT_CFLAGS='-pthread -I/usr/include/glib-2.0 -I/usr/lib64/glib-2.0/include  '
GOBJECT_LIBS='-pthread -lgobject-2.0 -lgthread-2.0 -lrt -lglib-2.0  '
GREP='/bin/grep'
GTHREAD_CFLAGS='-pthread -I/usr/include/glib-2.0 -I/usr/lib64/glib-2.0/include  '
GTHREAD_LIBS='-pthread -lgthread-2.0 -lrt -lglib-2.0  '
GTK_CFLAGS='-pthread -I/usr/include/gtk-2.0 -I/usr/lib64/gtk-2.0/include -I/usr/include/atk-1.0 -I/usr/include/cairo -I/usr/include/gdk-pixbuf-2.0 -I/usr/include/pango-1.0 -I/usr/include/glib-2.0 -I/usr/lib64/glib-2.0/include -I/usr/include/pixman-1 -I/usr/include/freetype2 -I/usr/include/libpng12  '
GTK_LIBS='-pthread -lgtk-x11-2.0 -lgdk-x11-2.0 -latk-1.0 -lgio-2.0 -lpangoft2-1.0 -lpangocairo-1.0 -lgdk_pixbuf-2.0 -lcairo -lpango-1.0 -lfreetype -lfontconfig -lgobject-2.0 -lgmodule-2.0 -lgthread-2.0 -lrt -lglib-2.0  '
ICON_EXT='_0_48x48x24a.png'
INSTALL_DATA='${INSTALL} -m 644'
INSTALL_PROGRAM='${INSTALL}'
INSTALL_SCRIPT='${INSTALL}'
INSTALL_STRIP_PROGRAM='$(install_sh) -c -s'
INSTOBJEXT='.mo'
INTLLIBS=''
LDFLAGS=''
LIBOBJS=''
LIBS=''
LTLIBOBJS=''
MAINT='#'
MAINTAINER_MODE_FALSE=''
MAINTAINER_MODE_TRUE='#'
MAKEINFO='${SHELL} /home/frank/qcafs/QCADesigner-2.0.3-FS/missing --run makeinfo'
MKDIR_P='/bin/mkdir -p'
MKINSTALLDIRS='./mkinstalldirs'
MSGFMT='/usr/bin/msgfmt'
MSGFMT_OPTS='-c'
OBJEXT='o'
PACKAGE='QCADesigner'
PACKAGE_BUGREPORT=''
PACKAGE_NAME=''
PACKAGE_STRING=''
PACKAGE_TARNAME=''
PACKAGE_VERSION=''
PATH_SEPARATOR=':'
PKG_CONFIG='/usr/bin/pkg-config'
POFILES=' de.po hu.po ro.po fr.po'
POSUB='po'
PO_IN_DATADIR_FALSE=''
PO_IN_DATADIR_TRUE=''
SET_MAKE=''
SHELL='/bin/sh'
STRIP=''
USE_NLS='yes'
VERSION='2.0.3'
XGETTEXT='/usr/bin/xgettext'
ac_ct_CC='gcc'
am__EXEEXT_FALSE=''
am__EXEEXT_TRUE='#'
am__fastdepCC_FALSE='#'
am__fastdepCC_TRUE=''
am__include='include'
am__isrc=''
am__leading_dot='.'
am__quote=''
am__tar='${AMTAR} chof - "$$tardir"'
am__untar='${AMTAR} xf -'
bindir='${exec_prefix}/bin'
build='x86_64-unknown-linux-gnu'
build_alias=''
build_cpu='x86_64'
build_os='linux-gnu'
build_vendor='unknown'
datadir='${datarootdir}'
datarootdir='${prefix}/share'
docdir='${datarootdir}/doc/${PACKAGE}'
dvidir='${docdir}'
exec_prefix='${prefix}'
host='x86_64-unknown-linux-gnu'
host_alias=''
host_cpu='x86_64'
host_os='linux-gnu'
host_vendor='unknown'
htmldir='${docdir}'
includedir='${prefix}/include'
infodir='${datarootdir}/info'
install_sh='${SHELL} /home/frank/qcafs/QCADesigner-2.0.3-FS/install-sh'
libdir='${exec_prefix}/lib'
libexecdir='${exec_prefix}/libexec'
localedir='${datarootdir}/locale'
localstatedir='${prefix}/var'
mandir='${datarootdir}/man'
mkdir_p='/bin/mkdir -p'
oldincludedir='/usr/include'
packagesrcdir='/home/frank/qcafs/QCADesigner-2.0.3-FS'
pdfdir='${docdir}'
prefix='/usr/local'
program_transform_name='s,x,x,'
psdir='${docdir}'
sbindir='${exec_prefix}/sbin'
sharedstatedir='${prefix}/com'
sysconfdir='${prefix}/etc'
target_alias=''

## ----------- ##
## confdefs.h. ##
## ----------- ##

#define PACKAGE_NAME ""
#define PACKAGE_TARNAME ""
#define PACKAGE_VERSION ""
#define PACKAGE_STRING ""
#define PACKAGE_BUGREPORT ""
#define PACKAGE "QCADesigner"
#define VERSION "2.0.3"
#define STDC_HEADERS 1
#define GETTEXT_PACKAGE "QCADesigner"
#define PACKAGE_SOURCE_DIR "/home/frank/qcafs/QCADesigner-2.0.3-FS"
#define HAVE_SYS_TYPES_H 1
#define HAVE_SYS_STAT_H 1
#define HAVE_STDLIB_H 1
#define HAVE_STRING_H 1
#define HAVE_MEMORY_H 1
#define HAVE_STRINGS_H 1
#define HAVE_INTTYPES_H 1
#define HAVE_STDINT_H 1
#define HAVE_UNISTD_H 1
#define HAVE_LOCALE_H 1
#define HAVE_LC_MESSAGES 1
#define HAVE_BIND_TEXTDOMAIN_CODESET 1
#define HAVE_GETTEXT 1
#define HAVE_DCGETTEXT 1
#define ENABLE_NLS 1

configure: exit 0
